<?xml version="1.0" encoding="UTF-8"?>
<coverage generated="1683211491497" clover="3.2.0">
  <project timestamp="1683211491497" name="All files">
    <metrics statements="59" coveredstatements="59" conditionals="18" coveredconditionals="18" methods="14" coveredmethods="14" elements="91" coveredelements="91" complexity="0" loc="59" ncloc="59" packages="1" files="5" classes="5"/>
    <file name="analyzeArray.js" path="C:\Users\amand\Desktop\Brainnest-Adv-FD-Course---Tests\Functions\analyzeArray.js">
      <metrics statements="27" coveredstatements="27" conditionals="4" coveredconditionals="4" methods="7" coveredmethods="7"/>
      <line num="1" count="1" type="stmt"/>
      <line num="2" count="1" type="stmt"/>
      <line num="3" count="1" type="stmt"/>
      <line num="4" count="1" type="stmt"/>
      <line num="5" count="1" type="stmt"/>
      <line num="6" count="1" type="stmt"/>
      <line num="9" count="5" type="stmt"/>
      <line num="10" count="24" type="cond" truecount="2" falsecount="0"/>
      <line num="11" count="3" type="stmt"/>
      <line num="15" count="5" type="cond" truecount="2" falsecount="0"/>
      <line num="16" count="3" type="stmt"/>
      <line num="17" count="3" type="stmt"/>
      <line num="18" count="3" type="stmt"/>
      <line num="19" count="3" type="stmt"/>
      <line num="22" count="2" type="stmt"/>
      <line num="27" count="3" type="stmt"/>
      <line num="28" count="11" type="stmt"/>
      <line num="30" count="3" type="stmt"/>
      <line num="34" count="3" type="stmt"/>
      <line num="35" count="19" type="stmt"/>
      <line num="37" count="3" type="stmt"/>
      <line num="38" count="3" type="stmt"/>
      <line num="42" count="3" type="stmt"/>
      <line num="43" count="3" type="stmt"/>
      <line num="44" count="3" type="stmt"/>
      <line num="45" count="3" type="stmt"/>
      <line num="48" count="1" type="stmt"/>
    </file>
    <file name="caesarCipher.js" path="C:\Users\amand\Desktop\Brainnest-Adv-FD-Course---Tests\Functions\caesarCipher.js">
      <metrics statements="16" coveredstatements="16" conditionals="12" coveredconditionals="12" methods="1" coveredmethods="1"/>
      <line num="1" count="1" type="stmt"/>
      <line num="2" count="8" type="cond" truecount="2" falsecount="0"/>
      <line num="3" count="1" type="stmt"/>
      <line num="5" count="7" type="stmt"/>
      <line num="7" count="7" type="stmt"/>
      <line num="8" count="72" type="stmt"/>
      <line num="10" count="72" type="cond" truecount="2" falsecount="0"/>
      <line num="11" count="71" type="stmt"/>
      <line num="14" count="71" type="cond" truecount="4" falsecount="0"/>
      <line num="15" count="10" type="stmt"/>
      <line num="19" count="61" type="cond" truecount="4" falsecount="0"/>
      <line num="20" count="56" type="stmt"/>
      <line num="23" count="1" type="stmt"/>
      <line num="25" count="71" type="stmt"/>
      <line num="27" count="6" type="stmt"/>
      <line num="30" count="1" type="stmt"/>
    </file>
    <file name="calculator.js" path="C:\Users\amand\Desktop\Brainnest-Adv-FD-Course---Tests\Functions\calculator.js">
      <metrics statements="8" coveredstatements="8" conditionals="2" coveredconditionals="2" methods="4" coveredmethods="4"/>
      <line num="1" count="1" type="stmt"/>
      <line num="3" count="2" type="stmt"/>
      <line num="7" count="2" type="stmt"/>
      <line num="11" count="2" type="cond" truecount="2" falsecount="0"/>
      <line num="12" count="1" type="stmt"/>
      <line num="14" count="1" type="stmt"/>
      <line num="19" count="2" type="stmt"/>
      <line num="23" count="1" type="stmt"/>
    </file>
    <file name="capitalize.js" path="C:\Users\amand\Desktop\Brainnest-Adv-FD-Course---Tests\Functions\capitalize.js">
      <metrics statements="3" coveredstatements="3" conditionals="0" coveredconditionals="0" methods="1" coveredmethods="1"/>
      <line num="2" count="2" type="stmt"/>
      <line num="4" count="2" type="stmt"/>
      <line num="7" count="1" type="stmt"/>
    </file>
    <file name="reverseString.js" path="C:\Users\amand\Desktop\Brainnest-Adv-FD-Course---Tests\Functions\reverseString.js">
      <metrics statements="5" coveredstatements="5" conditionals="0" coveredconditionals="0" methods="1" coveredmethods="1"/>
      <line num="2" count="6" type="stmt"/>
      <line num="3" count="6" type="stmt"/>
      <line num="4" count="66" type="stmt"/>
      <line num="7" count="6" type="stmt"/>
      <line num="10" count="1" type="stmt"/>
    </file>
  </project>
</coverage>
