{"C:\\Users\\amand\\Desktop\\Brainnest-Adv-FD-Course---Tests\\Functions\\analyzeArray.js": {"path":"C:\\Users\\amand\\Desktop\\Brainnest-Adv-FD-Course---Tests\\Functions\\analyzeArray.js","statementMap":{"0":{"start":{"line":1,"column":14},"end":{"line":1,"column":16}},"1":{"start":{"line":2,"column":13},"end":{"line":2,"column":15}},"2":{"start":{"line":3,"column":14},"end":{"line":3,"column":15}},"3":{"start":{"line":4,"column":13},"end":{"line":4,"column":14}},"4":{"start":{"line":5,"column":13},"end":{"line":5,"column":14}},"5":{"start":{"line":6,"column":16},"end":{"line":6,"column":17}},"6":{"start":{"line":9,"column":4},"end":{"line":13,"column":7}},"7":{"start":{"line":10,"column":8},"end":{"line":12,"column":9}},"8":{"start":{"line":11,"column":12},"end":{"line":11,"column":26}},"9":{"start":{"line":15,"column":4},"end":{"line":23,"column":5}},"10":{"start":{"line":16,"column":8},"end":{"line":16,"column":29}},"11":{"start":{"line":17,"column":8},"end":{"line":17,"column":28}},"12":{"start":{"line":18,"column":8},"end":{"line":18,"column":28}},"13":{"start":{"line":19,"column":8},"end":{"line":19,"column":22}},"14":{"start":{"line":22,"column":8},"end":{"line":22,"column":21}},"15":{"start":{"line":27,"column":14},"end":{"line":29,"column":6}},"16":{"start":{"line":28,"column":8},"end":{"line":28,"column":21}},"17":{"start":{"line":30,"column":4},"end":{"line":30,"column":35}},"18":{"start":{"line":34,"column":4},"end":{"line":36,"column":7}},"19":{"start":{"line":35,"column":8},"end":{"line":35,"column":21}},"20":{"start":{"line":37,"column":4},"end":{"line":37,"column":39}},"21":{"start":{"line":38,"column":4},"end":{"line":38,"column":22}},"22":{"start":{"line":42,"column":4},"end":{"line":42,"column":41}},"23":{"start":{"line":43,"column":4},"end":{"line":43,"column":24}},"24":{"start":{"line":44,"column":4},"end":{"line":44,"column":24}},"25":{"start":{"line":45,"column":4},"end":{"line":45,"column":33}},"26":{"start":{"line":48,"column":0},"end":{"line":48,"column":29}}},"fnMap":{"0":{"name":"onlyNumbers","decl":{"start":{"line":8,"column":9},"end":{"line":8,"column":20}},"loc":{"start":{"line":8,"column":28},"end":{"line":24,"column":1}},"line":8},"1":{"name":"(anonymous_1)","decl":{"start":{"line":9,"column":18},"end":{"line":9,"column":19}},"loc":{"start":{"line":9,"column":29},"end":{"line":13,"column":5}},"line":9},"2":{"name":"averageResult","decl":{"start":{"line":26,"column":9},"end":{"line":26,"column":22}},"loc":{"start":{"line":26,"column":30},"end":{"line":31,"column":1}},"line":26},"3":{"name":"(anonymous_3)","decl":{"start":{"line":27,"column":27},"end":{"line":27,"column":28}},"loc":{"start":{"line":27,"column":37},"end":{"line":29,"column":5}},"line":27},"4":{"name":"minMaxResult","decl":{"start":{"line":33,"column":9},"end":{"line":33,"column":21}},"loc":{"start":{"line":33,"column":29},"end":{"line":39,"column":1}},"line":33},"5":{"name":"(anonymous_5)","decl":{"start":{"line":34,"column":15},"end":{"line":34,"column":16}},"loc":{"start":{"line":34,"column":25},"end":{"line":36,"column":5}},"line":34},"6":{"name":"createObject","decl":{"start":{"line":41,"column":9},"end":{"line":41,"column":21}},"loc":{"start":{"line":41,"column":29},"end":{"line":46,"column":1}},"line":41}},"branchMap":{"0":{"loc":{"start":{"line":10,"column":8},"end":{"line":12,"column":9}},"type":"if","locations":[{"start":{"line":10,"column":8},"end":{"line":12,"column":9}},{"start":{},"end":{}}],"line":10},"1":{"loc":{"start":{"line":15,"column":4},"end":{"line":23,"column":5}},"type":"if","locations":[{"start":{"line":15,"column":4},"end":{"line":23,"column":5}},{"start":{"line":21,"column":11},"end":{"line":23,"column":5}}],"line":15}},"s":{"0":1,"1":1,"2":1,"3":1,"4":1,"5":1,"6":5,"7":24,"8":3,"9":5,"10":3,"11":3,"12":3,"13":3,"14":2,"15":3,"16":11,"17":3,"18":3,"19":19,"20":3,"21":3,"22":3,"23":3,"24":3,"25":3,"26":1},"f":{"0":5,"1":24,"2":3,"3":11,"4":3,"5":19,"6":3},"b":{"0":[3,21],"1":[3,2]},"_coverageSchema":"1a1c01bbd47fc00a2c39e90264f33305004495a9","hash":"888c924fd41c3ef760937ac91ad4e54b82ce94d5"}
,"C:\\Users\\amand\\Desktop\\Brainnest-Adv-FD-Course---Tests\\Functions\\caesarCipher.js": {"path":"C:\\Users\\amand\\Desktop\\Brainnest-Adv-FD-Course---Tests\\Functions\\caesarCipher.js","statementMap":{"0":{"start":{"line":1,"column":19},"end":{"line":30,"column":1}},"1":{"start":{"line":2,"column":4},"end":{"line":4,"column":5}},"2":{"start":{"line":3,"column":8},"end":{"line":3,"column":45}},"3":{"start":{"line":6,"column":17},"end":{"line":6,"column":19}},"4":{"start":{"line":8,"column":4},"end":{"line":27,"column":5}},"5":{"start":{"line":8,"column":17},"end":{"line":8,"column":18}},"6":{"start":{"line":9,"column":16},"end":{"line":9,"column":22}},"7":{"start":{"line":11,"column":8},"end":{"line":24,"column":9}},"8":{"start":{"line":12,"column":23},"end":{"line":12,"column":40}},"9":{"start":{"line":16,"column":12},"end":{"line":23,"column":13}},"10":{"start":{"line":17,"column":16},"end":{"line":17,"column":73}},"11":{"start":{"line":21,"column":17},"end":{"line":23,"column":13}},"12":{"start":{"line":22,"column":16},"end":{"line":22,"column":73}},"13":{"start":{"line":26,"column":8},"end":{"line":26,"column":20}},"14":{"start":{"line":29,"column":4},"end":{"line":29,"column":18}},"15":{"start":{"line":32,"column":0},"end":{"line":32,"column":30}}},"fnMap":{"0":{"name":"(anonymous_0)","decl":{"start":{"line":1,"column":19},"end":{"line":1,"column":20}},"loc":{"start":{"line":1,"column":41},"end":{"line":30,"column":1}},"line":1}},"branchMap":{"0":{"loc":{"start":{"line":2,"column":4},"end":{"line":4,"column":5}},"type":"if","locations":[{"start":{"line":2,"column":4},"end":{"line":4,"column":5}},{"start":{},"end":{}}],"line":2},"1":{"loc":{"start":{"line":11,"column":8},"end":{"line":24,"column":9}},"type":"if","locations":[{"start":{"line":11,"column":8},"end":{"line":24,"column":9}},{"start":{},"end":{}}],"line":11},"2":{"loc":{"start":{"line":16,"column":12},"end":{"line":23,"column":13}},"type":"if","locations":[{"start":{"line":16,"column":12},"end":{"line":23,"column":13}},{"start":{"line":21,"column":17},"end":{"line":23,"column":13}}],"line":16},"3":{"loc":{"start":{"line":16,"column":16},"end":{"line":16,"column":40}},"type":"binary-expr","locations":[{"start":{"line":16,"column":16},"end":{"line":16,"column":26}},{"start":{"line":16,"column":30},"end":{"line":16,"column":40}}],"line":16},"4":{"loc":{"start":{"line":21,"column":17},"end":{"line":23,"column":13}},"type":"if","locations":[{"start":{"line":21,"column":17},"end":{"line":23,"column":13}},{"start":{},"end":{}}],"line":21},"5":{"loc":{"start":{"line":21,"column":21},"end":{"line":21,"column":46}},"type":"binary-expr","locations":[{"start":{"line":21,"column":21},"end":{"line":21,"column":31}},{"start":{"line":21,"column":35},"end":{"line":21,"column":46}}],"line":21}},"s":{"0":1,"1":8,"2":1,"3":7,"4":7,"5":7,"6":77,"7":77,"8":74,"9":74,"10":10,"11":64,"12":59,"13":77,"14":7,"15":1},"f":{"0":8},"b":{"0":[1,7],"1":[74,3],"2":[10,64],"3":[74,69],"4":[59,5],"5":[64,59]},"_coverageSchema":"1a1c01bbd47fc00a2c39e90264f33305004495a9","hash":"59015272fda37996481790c6ad27fe67670636b6"}
,"C:\\Users\\amand\\Desktop\\Brainnest-Adv-FD-Course---Tests\\Functions\\calculator.js": {"path":"C:\\Users\\amand\\Desktop\\Brainnest-Adv-FD-Course---Tests\\Functions\\calculator.js","statementMap":{"0":{"start":{"line":1,"column":23},"end":{"line":21,"column":1}},"1":{"start":{"line":3,"column":8},"end":{"line":3,"column":21}},"2":{"start":{"line":7,"column":8},"end":{"line":7,"column":21}},"3":{"start":{"line":11,"column":8},"end":{"line":15,"column":9}},"4":{"start":{"line":12,"column":12},"end":{"line":12,"column":25}},"5":{"start":{"line":14,"column":12},"end":{"line":14,"column":27}},"6":{"start":{"line":19,"column":8},"end":{"line":19,"column":21}},"7":{"start":{"line":23,"column":0},"end":{"line":23,"column":32}}},"fnMap":{"0":{"name":"(anonymous_0)","decl":{"start":{"line":2,"column":9},"end":{"line":2,"column":10}},"loc":{"start":{"line":2,"column":24},"end":{"line":4,"column":5}},"line":2},"1":{"name":"(anonymous_1)","decl":{"start":{"line":6,"column":14},"end":{"line":6,"column":15}},"loc":{"start":{"line":6,"column":29},"end":{"line":8,"column":5}},"line":6},"2":{"name":"(anonymous_2)","decl":{"start":{"line":10,"column":12},"end":{"line":10,"column":13}},"loc":{"start":{"line":10,"column":27},"end":{"line":16,"column":5}},"line":10},"3":{"name":"(anonymous_3)","decl":{"start":{"line":18,"column":14},"end":{"line":18,"column":15}},"loc":{"start":{"line":18,"column":29},"end":{"line":20,"column":5}},"line":18}},"branchMap":{"0":{"loc":{"start":{"line":11,"column":8},"end":{"line":15,"column":9}},"type":"if","locations":[{"start":{"line":11,"column":8},"end":{"line":15,"column":9}},{"start":{"line":13,"column":15},"end":{"line":15,"column":9}}],"line":11}},"s":{"0":1,"1":2,"2":2,"3":2,"4":1,"5":1,"6":2,"7":1},"f":{"0":2,"1":2,"2":2,"3":2},"b":{"0":[1,1]},"_coverageSchema":"1a1c01bbd47fc00a2c39e90264f33305004495a9","hash":"fcf5c39e430b4872fba6f7709812fe0d5302e4ca"}
,"C:\\Users\\amand\\Desktop\\Brainnest-Adv-FD-Course---Tests\\Functions\\capitalize.js": {"path":"C:\\Users\\amand\\Desktop\\Brainnest-Adv-FD-Course---Tests\\Functions\\capitalize.js","statementMap":{"0":{"start":{"line":2,"column":28},"end":{"line":2,"column":70}},"1":{"start":{"line":4,"column":4},"end":{"line":4,"column":29}},"2":{"start":{"line":7,"column":0},"end":{"line":7,"column":28}}},"fnMap":{"0":{"name":"capitalize","decl":{"start":{"line":1,"column":9},"end":{"line":1,"column":19}},"loc":{"start":{"line":1,"column":25},"end":{"line":5,"column":1}},"line":1}},"branchMap":{},"s":{"0":2,"1":2,"2":1},"f":{"0":2},"b":{},"_coverageSchema":"1a1c01bbd47fc00a2c39e90264f33305004495a9","hash":"2ae775e20047c75652fbbe23d0365ff2e31249cd"}
,"C:\\Users\\amand\\Desktop\\Brainnest-Adv-FD-Course---Tests\\Functions\\reverseString.js": {"path":"C:\\Users\\amand\\Desktop\\Brainnest-Adv-FD-Course---Tests\\Functions\\reverseString.js","statementMap":{"0":{"start":{"line":2,"column":20},"end":{"line":2,"column":22}},"1":{"start":{"line":3,"column":4},"end":{"line":5,"column":5}},"2":{"start":{"line":3,"column":17},"end":{"line":3,"column":31}},"3":{"start":{"line":4,"column":8},"end":{"line":4,"column":28}},"4":{"start":{"line":7,"column":4},"end":{"line":7,"column":21}},"5":{"start":{"line":10,"column":0},"end":{"line":10,"column":31}}},"fnMap":{"0":{"name":"reverseString","decl":{"start":{"line":1,"column":9},"end":{"line":1,"column":22}},"loc":{"start":{"line":1,"column":28},"end":{"line":8,"column":1}},"line":1}},"branchMap":{},"s":{"0":6,"1":6,"2":6,"3":66,"4":6,"5":1},"f":{"0":6},"b":{},"_coverageSchema":"1a1c01bbd47fc00a2c39e90264f33305004495a9","hash":"a5d0ac9e5d45ff4dcc12c42f300157cacb9d469d"}
}
