TN:
SF:analyzeArray\analyzeArray.js
FN:8,onlyNumbers
FN:9,(anonymous_1)
FN:26,averageResult
FN:27,(anonymous_3)
FN:33,minMaxResult
FN:34,(anonymous_5)
FN:41,createObject
FNF:7
FNH:7
FNDA:5,onlyNumbers
FNDA:24,(anonymous_1)
FNDA:3,averageResult
FNDA:11,(anonymous_3)
FNDA:3,minMaxResult
FNDA:19,(anonymous_5)
FNDA:3,createObject
DA:1,1
DA:2,1
DA:3,1
DA:4,1
DA:5,1
DA:6,1
DA:9,5
DA:10,24
DA:11,3
DA:15,5
DA:16,3
DA:17,3
DA:18,3
DA:19,3
DA:22,2
DA:27,3
DA:28,11
DA:30,3
DA:34,3
DA:35,19
DA:37,3
DA:38,3
DA:42,3
DA:43,3
DA:44,3
DA:45,3
DA:48,1
LF:27
LH:27
BRDA:10,0,0,3
BRDA:10,0,1,21
BRDA:15,1,0,3
BRDA:15,1,1,2
BRF:4
BRH:4
end_of_record
TN:
SF:caesarCipher\caesarCipher.js
FN:1,(anonymous_0)
FNF:1
FNH:1
FNDA:8,(anonymous_0)
DA:1,1
DA:2,8
DA:3,1
DA:6,7
DA:8,7
DA:9,77
DA:11,77
DA:12,74
DA:16,74
DA:17,10
DA:21,64
DA:22,59
DA:26,77
DA:29,7
DA:32,1
LF:15
LH:15
BRDA:2,0,0,1
BRDA:2,0,1,7
BRDA:11,1,0,74
BRDA:11,1,1,3
BRDA:16,2,0,10
BRDA:16,2,1,64
BRDA:16,3,0,74
BRDA:16,3,1,69
BRDA:21,4,0,59
BRDA:21,4,1,5
BRDA:21,5,0,64
BRDA:21,5,1,59
BRF:12
BRH:12
end_of_record
TN:
SF:calculator\calculator.js
FN:2,(anonymous_0)
FN:6,(anonymous_1)
FN:10,(anonymous_2)
FN:18,(anonymous_3)
FNF:4
FNH:4
FNDA:2,(anonymous_0)
FNDA:2,(anonymous_1)
FNDA:2,(anonymous_2)
FNDA:2,(anonymous_3)
DA:1,1
DA:3,2
DA:7,2
DA:11,2
DA:12,1
DA:14,1
DA:19,2
DA:23,1
LF:8
LH:8
BRDA:11,0,0,1
BRDA:11,0,1,1
BRF:2
BRH:2
end_of_record
TN:
SF:capitalize\capitalize.js
FN:1,capitalize
FNF:1
FNH:1
FNDA:2,capitalize
DA:2,2
DA:4,2
DA:7,1
LF:3
LH:3
BRF:0
BRH:0
end_of_record
TN:
SF:reverseString\reverseString.js
FN:1,reverseString
FNF:1
FNH:1
FNDA:6,reverseString
DA:2,6
DA:3,6
DA:4,66
DA:7,6
DA:10,1
LF:5
LH:5
BRF:0
BRH:0
end_of_record
